<?xml version="1.0" encoding="UTF-8"?>
<!-- Generated by org.testng.reporters.JUnitReportReporter -->
<testsuite hostname="Dipti" failures="0" tests="1" name="runner.TestRunner" time="41.147" errors="0" timestamp="2025-03-10T21:52:28 IST" skipped="0">
  <testcase classname="runner.TestRunner" name="runScenario" time="41.147"/>
  <system-out/>
</testsuite> <!-- runner.TestRunner -->
